<?xml version='1.0' encoding='UTF-8'?>
<testsuite hostname="Davids-MacBook-Pro.local" name="edu.luc.cs271.arrayqueue.TestSimpleQueue" tests="12" errors="0" failures="0" skipped="0" time="0.018" timestamp="2024-02-28T07:11:00">
          <properties>
      <property name="java.specification.version" value="17"/><property name="sun.jnu.encoding" value="UTF-8"/><property name="sun.arch.data.model" value="64"/><property name="java.vendor.url" value="https://adoptium.net/"/><property name="sun.boot.library.path" value="/Users/davidludington/.sdkman/candidates/java/17.0.10-tem/lib"/><property name="sun.java.command" value="/Users/davidludington/.sdkman/candidates/sbt/1.9.8/bin/sbt-launch.jar"/><property name="jdk.debug" value="release"/><property name="sun.stderr.encoding" value="UTF-8"/><property name="java.specification.vendor" value="Oracle Corporation"/><property name="java.version.date" value="2024-01-16"/><property name="java.home" value="/Users/davidludington/.sdkman/candidates/java/17.0.10-tem"/><property name="file.separator" value="/"/><property name="java.vm.compressedOopsMode" value="Zero based"/><property name="line.separator" value="
"/><property name="sun.stdout.encoding" value="UTF-8"/><property name="java.vm.specification.vendor" value="Oracle Corporation"/><property name="java.specification.name" value="Java Platform API Specification"/><property name="sun.management.compiler" value="HotSpot 64-Bit Tiered Compilers"/><property name="java.runtime.version" value="17.0.10+7"/><property name="user.name" value="davidludington"/><property name="log4j.ignoreTCL" value="true"/><property name="file.encoding" value="UTF-8"/><property name="java.vendor.version" value="Temurin-17.0.10+7"/><property name="java.io.tmpdir" value="/var/folders/_5/l5pv9f8s4_1cbtygw415m9_h0000gn/T/"/><property name="java.version" value="17.0.10"/><property name="java.vm.specification.name" value="Java Virtual Machine Specification"/><property name="native.encoding" value="UTF-8"/><property name="java.library.path" value="/Users/davidludington/Library/Java/Extensions:/Library/Java/Extensions:/Network/Library/Java/Extensions:/System/Library/Java/Extensions:/usr/lib/java:."/><property name="java.vendor" value="Eclipse Adoptium"/><property name="scala.ext.dirs" value="/Users/davidludington/.sbt/1.0/java9-rt-ext-eclipse_adoptium_17_0_10"/><property name="sun.io.unicode.encoding" value="UnicodeBig"/><property name="socksNonProxyHosts" value="local|*.local|169.254/16|*.169.254/16"/><property name="java.class.path" value="/Users/davidludington/.sdkman/candidates/sbt/1.9.8/bin/sbt-launch.jar"/><property name="java.vm.vendor" value="Eclipse Adoptium"/><property name="jline.shutdownhook" value="false"/><property name="user.timezone" value="America/Chicago"/><property name="java.vm.specification.version" value="17"/><property name="os.name" value="Mac OS X"/><property name="sun.java.launcher" value="SUN_STANDARD"/><property name="user.country" value="US"/><property name="http.nonProxyHosts" value="local|*.local|169.254/16|*.169.254/16"/><property name="sun.cpu.endian" value="little"/><property name="user.home" value="/Users/davidludington"/><property name="user.language" value="en"/><property name="sbt.script" value="/Users/davidludington/.sdkman/candidates/sbt/current/bin/sbt"/><property name="sbt.ipcsocket.tmpdir" value="/var/folders/_5/l5pv9f8s4_1cbtygw415m9_h0000gn/T/.sbt9b48bacf/ipcsocket"/><property name="swoval.tmpdir" value="/var/folders/_5/l5pv9f8s4_1cbtygw415m9_h0000gn/T/.sbt9b48bacf/swoval"/><property name="jline.esc.timeout" value="0"/><property name="ftp.nonProxyHosts" value="local|*.local|169.254/16|*.169.254/16"/><property name="path.separator" value=":"/><property name="os.version" value="14.3.1"/><property name="jna.nosys" value="true"/><property name="java.runtime.name" value="OpenJDK Runtime Environment"/><property name="java.vm.name" value="OpenJDK 64-Bit Server VM"/><property name="java.vendor.url.bug" value="https://github.com/adoptium/adoptium-support/issues"/><property name="user.dir" value="/Users/davidludington/VSProjects/project-1b-davidludington"/><property name="os.arch" value="aarch64"/><property name="java.vm.info" value="mixed mode"/><property name="java.vm.version" value="17.0.10+7"/><property name="java.class.version" value="61.0"/>
    </properties>
          <testcase classname="edu.luc.cs271.arrayqueue.TestSimpleQueue" name="testAsListNonempty2()" time="0.012">
                      
                    </testcase><testcase classname="edu.luc.cs271.arrayqueue.TestSimpleQueue" name="testOffer3Poll3()" time="0.0">
                      
                    </testcase><testcase classname="edu.luc.cs271.arrayqueue.TestSimpleQueue" name="testClear()" time="0.0">
                      
                    </testcase><testcase classname="edu.luc.cs271.arrayqueue.TestSimpleQueue" name="testOffer5Poll5()" time="0.001">
                      
                    </testcase><testcase classname="edu.luc.cs271.arrayqueue.TestSimpleQueue" name="testOfferThenPoll()" time="0.0">
                      
                    </testcase><testcase classname="edu.luc.cs271.arrayqueue.TestSimpleQueue" name="testNegativeCapacity()" time="0.001">
                      
                    </testcase><testcase classname="edu.luc.cs271.arrayqueue.TestSimpleQueue" name="testAsListNonempty()" time="0.001">
                      
                    </testcase><testcase classname="edu.luc.cs271.arrayqueue.TestSimpleQueue" name="testAsListEmpty()" time="0.0">
                      
                    </testcase><testcase classname="edu.luc.cs271.arrayqueue.TestSimpleQueue" name="testAfterOffer()" time="0.001">
                      
                    </testcase><testcase classname="edu.luc.cs271.arrayqueue.TestSimpleQueue" name="testInitial()" time="0.001">
                      
                    </testcase><testcase classname="edu.luc.cs271.arrayqueue.TestSimpleQueue" name="testOffer3()" time="0.001">
                      
                    </testcase><testcase classname="edu.luc.cs271.arrayqueue.TestSimpleQueue" name="testOffer2ThenPoll2()" time="0.0">
                      
                    </testcase>
          <system-out><![CDATA[]]></system-out>
          <system-err><![CDATA[]]></system-err>
        </testsuite>